app/build/intermediates/manifest_merge_blame_file/debug/processDebugMainManifest/manifest-merger-blame-debug-report.txt
1<?xml version="1.0" encoding="utf-8"?>
2<manifest xmlns:android="http://schemas.android.com/apk/res/android"
3    package="com.porfirio.orariprocida2011"
4    android:versionCode="57"
5    android:versionName="1.13beta6" >
6
7    <uses-sdk
8        android:minSdkVersion="33"
9        android:targetSdkVersion="34" />
10    <!-- <uses-sdk android:minSdkVersion="4" /> -->
11    <!-- <uses-permission android:name="android.permission.ACCESS_COARSE_LOCATION" /> -->
12    <!-- <uses-permission android:name="android.permission.ACCESS_FINE_LOCATION" /> -->
13    <uses-permission android:name="android.permission.INTERNET" />
13-->src\main\AndroidManifest.xml:9:5-67
13-->src\main\AndroidManifest.xml:9:22-64
14    <uses-permission android:name="android.permission.ACCESS_NETWORK_STATE" />
14-->src\main\AndroidManifest.xml:10:5-78
14-->src\main\AndroidManifest.xml:10:22-76
15
16    <supports-screens
16-->src\main\AndroidManifest.xml:12:5-17:39
17        android:anyDensity="true"
17-->src\main\AndroidManifest.xml:13:9-34
18        android:largeScreens="true"
18-->src\main\AndroidManifest.xml:14:9-36
19        android:normalScreens="true"
19-->src\main\AndroidManifest.xml:15:9-37
20        android:resizeable="true"
20-->src\main\AndroidManifest.xml:16:9-34
21        android:smallScreens="true" />
21-->src\main\AndroidManifest.xml:17:9-36
22
23    <uses-permission android:name="android.permission.WAKE_LOCK" />
23-->[com.google.android.gms:play-services-analytics:18.1.0] AndroidManifest.xml:11:5-68
23-->[com.google.android.gms:play-services-analytics:18.1.0] AndroidManifest.xml:11:22-65
24    <uses-permission android:name="com.porfirio.orariprocida2011.DYNAMIC_RECEIVER_NOT_EXPORTED_PERMISSION" />
24-->[com.google.android.gms:play-services-analytics-impl:18.1.0] AndroidManifest.xml:12:5-97
24-->[com.google.android.gms:play-services-analytics-impl:18.1.0] AndroidManifest.xml:12:22-94
25    <uses-permission android:name="com.google.android.gms.permission.AD_ID" />
25-->[com.google.android.gms:play-services-ads-identifier:18.1.0] AndroidManifest.xml:7:5-79
25-->[com.google.android.gms:play-services-ads-identifier:18.1.0] AndroidManifest.xml:7:22-76
26
27    <permission
27-->[androidx.core:core:1.9.0] AndroidManifest.xml:22:5-24:47
28        android:name="com.porfirio.orariprocida2011.DYNAMIC_RECEIVER_NOT_EXPORTED_PERMISSION"
28-->[androidx.core:core:1.9.0] AndroidManifest.xml:23:9-81
29        android:protectionLevel="signature" />
29-->[androidx.core:core:1.9.0] AndroidManifest.xml:24:9-44
30
31    <application
31-->src\main\AndroidManifest.xml:19:5-84:19
32        android:name="com.porfirio.orariprocida2011.AnalyticsApplication"
32-->src\main\AndroidManifest.xml:20:9-44
33        android:appComponentFactory="androidx.core.app.CoreComponentFactory"
33-->[androidx.core:core:1.9.0] AndroidManifest.xml:28:18-86
34        android:configChanges="locale"
34-->src\main\AndroidManifest.xml:21:9-39
35        android:debuggable="true"
36        android:extractNativeLibs="false"
37        android:icon="@drawable/ic_launcher_traghetti"
37-->src\main\AndroidManifest.xml:22:9-55
38        android:label="@string/app_name"
38-->src\main\AndroidManifest.xml:23:9-41
39        android:networkSecurityConfig="@xml/network_security_config"
39-->src\main\AndroidManifest.xml:27:9-69
40        android:supportsRtl="false"
40-->src\main\AndroidManifest.xml:24:9-36
41        android:testOnly="true"
42        android:theme="@android:style/Theme.Holo"
42-->src\main\AndroidManifest.xml:25:9-50
43        android:usesCleartextTraffic="true" >
43-->src\main\AndroidManifest.xml:26:9-44
44        <activity
44-->src\main\AndroidManifest.xml:28:9-81:20
45            android:name="com.porfirio.orariprocida2011.activities.OrariProcida2011Activity"
45-->src\main\AndroidManifest.xml:29:13-64
46            android:exported="true"
46-->src\main\AndroidManifest.xml:31:13-36
47            android:label="@string/app_name" >
47-->src\main\AndroidManifest.xml:30:13-45
48            <intent-filter>
48-->src\main\AndroidManifest.xml:32:13-35:29
49                <action android:name="android.intent.action.MAIN" />
49-->src\main\AndroidManifest.xml:33:17-69
49-->src\main\AndroidManifest.xml:33:25-66
50
51                <category android:name="android.intent.category.LAUNCHER" />
51-->src\main\AndroidManifest.xml:34:17-77
51-->src\main\AndroidManifest.xml:34:27-74
52            </intent-filter>
53            <intent-filter>
53-->src\main\AndroidManifest.xml:36:13-46:29
54                <action android:name="android.intent.action.VIEW" />
54-->src\main\AndroidManifest.xml:37:17-69
54-->src\main\AndroidManifest.xml:37:25-66
55
56                <category android:name="android.intent.category.DEFAULT" />
56-->src\main\AndroidManifest.xml:39:17-76
56-->src\main\AndroidManifest.xml:39:27-73
57                <category android:name="android.intent.category.BROWSABLE" />
57-->src\main\AndroidManifest.xml:40:17-78
57-->src\main\AndroidManifest.xml:40:27-75
58                <!-- Accepts URIs that begin with "http://www.example.com/gizmos” -->
59                <data
59-->src\main\AndroidManifest.xml:42:17-44:45
60                    android:host="www.unoprocidaresidente.com"
60-->src\main\AndroidManifest.xml:43:21-63
61                    android:scheme="http" />
61-->src\main\AndroidManifest.xml:44:21-42
62                <!-- note that the leading "/" is required for pathPrefix -->
63            </intent-filter>
64            <intent-filter>
64-->src\main\AndroidManifest.xml:47:13-57:29
65                <action android:name="android.intent.action.VIEW" />
65-->src\main\AndroidManifest.xml:37:17-69
65-->src\main\AndroidManifest.xml:37:25-66
66
67                <category android:name="android.intent.category.DEFAULT" />
67-->src\main\AndroidManifest.xml:39:17-76
67-->src\main\AndroidManifest.xml:39:27-73
68                <category android:name="android.intent.category.BROWSABLE" />
68-->src\main\AndroidManifest.xml:40:17-78
68-->src\main\AndroidManifest.xml:40:27-75
69                <!-- Accepts URIs that begin with "http://www.example.com/gizmos” -->
70                <data
70-->src\main\AndroidManifest.xml:42:17-44:45
71                    android:host="www.unoprocidaresidente.it"
71-->src\main\AndroidManifest.xml:43:21-63
72                    android:scheme="http" />
72-->src\main\AndroidManifest.xml:44:21-42
73                <!-- note that the leading "/" is required for pathPrefix -->
74            </intent-filter>
75            <intent-filter>
75-->src\main\AndroidManifest.xml:58:13-68:29
76                <action android:name="android.intent.action.VIEW" />
76-->src\main\AndroidManifest.xml:37:17-69
76-->src\main\AndroidManifest.xml:37:25-66
77
78                <category android:name="android.intent.category.DEFAULT" />
78-->src\main\AndroidManifest.xml:39:17-76
78-->src\main\AndroidManifest.xml:39:27-73
79                <category android:name="android.intent.category.BROWSABLE" />
79-->src\main\AndroidManifest.xml:40:17-78
79-->src\main\AndroidManifest.xml:40:27-75
80                <!-- Accepts URIs that begin with "http://www.example.com/gizmos” -->
81                <data
81-->src\main\AndroidManifest.xml:42:17-44:45
82                    android:host="unoprocidaresidente.com"
82-->src\main\AndroidManifest.xml:43:21-63
83                    android:scheme="http" />
83-->src\main\AndroidManifest.xml:44:21-42
84                <!-- note that the leading "/" is required for pathPrefix -->
85            </intent-filter>
86            <intent-filter>
86-->src\main\AndroidManifest.xml:69:13-79:29
87                <action android:name="android.intent.action.VIEW" />
87-->src\main\AndroidManifest.xml:37:17-69
87-->src\main\AndroidManifest.xml:37:25-66
88
89                <category android:name="android.intent.category.DEFAULT" />
89-->src\main\AndroidManifest.xml:39:17-76
89-->src\main\AndroidManifest.xml:39:27-73
90                <category android:name="android.intent.category.BROWSABLE" />
90-->src\main\AndroidManifest.xml:40:17-78
90-->src\main\AndroidManifest.xml:40:27-75
91                <!-- Accepts URIs that begin with "http://www.example.com/gizmos” -->
92                <data
92-->src\main\AndroidManifest.xml:42:17-44:45
93                    android:host="unoprocidaresidente.it"
93-->src\main\AndroidManifest.xml:43:21-63
94                    android:scheme="http" />
94-->src\main\AndroidManifest.xml:44:21-42
95                <!-- note that the leading "/" is required for pathPrefix -->
96            </intent-filter>
97        </activity>
98
99        <receiver
99-->[com.google.android.gms:play-services-analytics:18.1.0] AndroidManifest.xml:14:9-15:20
100            android:name="com.google.android.gms.analytics.AnalyticsReceiver"
100-->[com.google.android.gms:play-services-analytics:18.1.0] AndroidManifest.xml:14:19-84
101            android:enabled="true"
101-->[com.google.android.gms:play-services-analytics:18.1.0] AndroidManifest.xml:14:85-107
102            android:exported="false" >
102-->[com.google.android.gms:play-services-analytics:18.1.0] AndroidManifest.xml:14:108-132
103        </receiver>
104
105        <service
105-->[com.google.android.gms:play-services-analytics:18.1.0] AndroidManifest.xml:17:9-133
106            android:name="com.google.android.gms.analytics.AnalyticsService"
106-->[com.google.android.gms:play-services-analytics:18.1.0] AndroidManifest.xml:17:18-82
107            android:enabled="true"
107-->[com.google.android.gms:play-services-analytics:18.1.0] AndroidManifest.xml:17:83-105
108            android:exported="false" />
108-->[com.google.android.gms:play-services-analytics:18.1.0] AndroidManifest.xml:17:106-130
109        <service
109-->[com.google.android.gms:play-services-analytics:18.1.0] AndroidManifest.xml:18:9-193
110            android:name="com.google.android.gms.analytics.AnalyticsJobService"
110-->[com.google.android.gms:play-services-analytics:18.1.0] AndroidManifest.xml:18:18-85
111            android:enabled="true"
111-->[com.google.android.gms:play-services-analytics:18.1.0] AndroidManifest.xml:18:86-108
112            android:exported="false"
112-->[com.google.android.gms:play-services-analytics:18.1.0] AndroidManifest.xml:18:109-133
113            android:permission="android.permission.BIND_JOB_SERVICE" />
113-->[com.google.android.gms:play-services-analytics:18.1.0] AndroidManifest.xml:18:134-190
114
115        <activity
115-->[com.google.android.gms:play-services-base:18.5.0] AndroidManifest.xml:5:9-173
116            android:name="com.google.android.gms.common.api.GoogleApiActivity"
116-->[com.google.android.gms:play-services-base:18.5.0] AndroidManifest.xml:5:19-85
117            android:exported="false"
117-->[com.google.android.gms:play-services-base:18.5.0] AndroidManifest.xml:5:146-170
118            android:theme="@android:style/Theme.Translucent.NoTitleBar" />
118-->[com.google.android.gms:play-services-base:18.5.0] AndroidManifest.xml:5:86-145
119
120        <meta-data
120-->[com.google.android.gms:play-services-basement:18.4.0] AndroidManifest.xml:6:9-122
121            android:name="com.google.android.gms.version"
121-->[com.google.android.gms:play-services-basement:18.4.0] AndroidManifest.xml:6:20-65
122            android:value="@integer/google_play_services_version" />
122-->[com.google.android.gms:play-services-basement:18.4.0] AndroidManifest.xml:6:66-119
123    </application>
124
125</manifest>